[debug] [2023-04-17T21:55:12.225Z] ----------------------------------------------------------------------
[debug] [2023-04-17T21:55:12.227Z] Command:       /usr/local/bin/node /usr/local/bin/firebase deploy
[debug] [2023-04-17T21:55:12.227Z] CLI Version:   9.23.0
[debug] [2023-04-17T21:55:12.227Z] Platform:      darwin
[debug] [2023-04-17T21:55:12.227Z] Node Version:  v16.17.1
[debug] [2023-04-17T21:55:12.230Z] Time:          Tue Apr 18 2023 03:25:12 GMT+0530 (India Standard Time)
[debug] [2023-04-17T21:55:12.230Z] ----------------------------------------------------------------------
[debug] 
[debug] [2023-04-17T21:55:12.231Z] >>> [apiv2][query] GET https://firebase-public.firebaseio.com/cli.json [none]
[debug] [2023-04-17T21:55:12.264Z] > command requires scopes: ["email","openid","https://www.googleapis.com/auth/cloudplatformprojects.readonly","https://www.googleapis.com/auth/firebase","https://www.googleapis.com/auth/cloud-platform"]
[debug] [2023-04-17T21:55:12.264Z] > authorizing via signed-in user (krazniklabs@gmail.com)
[debug] [2023-04-17T21:55:12.264Z] [iam] checking project eth-bcn-2023 for permissions ["firebase.projects.get","firebasehosting.sites.update"]
[debug] [2023-04-17T21:55:12.265Z] > refreshing access token with scopes: ["email","https://www.googleapis.com/auth/cloud-platform","https://www.googleapis.com/auth/cloudplatformprojects.readonly","https://www.googleapis.com/auth/firebase","openid"]
[debug] [2023-04-17T21:55:12.265Z] >>> HTTP REQUEST POST https://www.googleapis.com/oauth2/v3/token  
 <request body omitted>
[debug] [2023-04-17T21:55:12.503Z] <<< HTTP RESPONSE 200 {"pragma":"no-cache","expires":"Mon, 01 Jan 1990 00:00:00 GMT","cache-control":"no-cache, no-store, max-age=0, must-revalidate","date":"Mon, 17 Apr 2023 21:55:12 GMT","content-type":"application/json; charset=utf-8","vary":"X-Origin, Referer, Origin,Accept-Encoding","server":"scaffolding on HTTPServer2","x-xss-protection":"0","x-frame-options":"SAMEORIGIN","x-content-type-options":"nosniff","alt-svc":"h3=\":443\"; ma=2592000,h3-29=\":443\"; ma=2592000","accept-ranges":"none","transfer-encoding":"chunked"}
[debug] [2023-04-17T21:55:12.548Z] >>> HTTP REQUEST POST https://cloudresourcemanager.googleapis.com/v1/projects/eth-bcn-2023:testIamPermissions  
 {"permissions":["firebase.projects.get","firebasehosting.sites.update"]}
[debug] [2023-04-17T21:55:12.937Z] <<< [apiv2][status] GET https://firebase-public.firebaseio.com/cli.json 200
[debug] [2023-04-17T21:55:12.938Z] <<< [apiv2][body] GET https://firebase-public.firebaseio.com/cli.json {"cloudBuildErrorAfter":1594252800000,"cloudBuildWarnAfter":1590019200000,"defaultNode10After":1594252800000,"minVersion":"3.0.5","node8DeploysDisabledAfter":1613390400000,"node8RuntimeDisabledAfter":1615809600000,"node8WarnAfter":1600128000000}
[debug] [2023-04-17T21:55:14.313Z] <<< HTTP RESPONSE 200 {"content-type":"application/json; charset=UTF-8","vary":"X-Origin, Referer, Origin,Accept-Encoding","date":"Mon, 17 Apr 2023 21:55:14 GMT","server":"ESF","cache-control":"private","x-xss-protection":"0","x-frame-options":"SAMEORIGIN","x-content-type-options":"nosniff","server-timing":"gfet4t7; dur=1513","alt-svc":"h3=\":443\"; ma=2592000,h3-29=\":443\"; ma=2592000","accept-ranges":"none","transfer-encoding":"chunked"}
[debug] [2023-04-17T21:55:14.314Z] [iam] error while checking permissions, command may fail: FirebaseError: Authorization failed. This account is missing the following required permissions on project eth-bcn-2023:

  firebase.projects.get
  firebasehosting.sites.update
[debug] [2023-04-17T21:55:14.315Z] > refreshing access token with scopes: []
[debug] [2023-04-17T21:55:14.316Z] >>> HTTP REQUEST POST https://www.googleapis.com/oauth2/v3/token  
 <request body omitted>
[debug] [2023-04-17T21:55:14.524Z] <<< HTTP RESPONSE 200 {"date":"Mon, 17 Apr 2023 21:55:14 GMT","expires":"Mon, 01 Jan 1990 00:00:00 GMT","cache-control":"no-cache, no-store, max-age=0, must-revalidate","pragma":"no-cache","content-type":"application/json; charset=utf-8","vary":"X-Origin, Referer, Origin,Accept-Encoding","server":"scaffolding on HTTPServer2","x-xss-protection":"0","x-frame-options":"SAMEORIGIN","x-content-type-options":"nosniff","alt-svc":"h3=\":443\"; ma=2592000,h3-29=\":443\"; ma=2592000","accept-ranges":"none","transfer-encoding":"chunked"}
[debug] [2023-04-17T21:55:14.572Z] >>> [apiv2][query] GET https://firebase.googleapis.com/v1beta1/projects/eth-bcn-2023 [none]
[debug] [2023-04-17T21:55:15.091Z] <<< [apiv2][status] GET https://firebase.googleapis.com/v1beta1/projects/eth-bcn-2023 403
[debug] [2023-04-17T21:55:15.092Z] <<< [apiv2][body] GET https://firebase.googleapis.com/v1beta1/projects/eth-bcn-2023 {"error":{"code":403,"message":"The caller does not have permission","status":"PERMISSION_DENIED"}}
[debug] [2023-04-17T21:55:15.092Z] HTTP Error: 403, The caller does not have permission
[debug] [2023-04-17T21:55:15.328Z] FirebaseError: HTTP Error: 403, The caller does not have permission
    at module.exports (/usr/local/lib/node_modules/firebase-tools/lib/responseToError.js:38:12)
    at Client.doRequest (/usr/local/lib/node_modules/firebase-tools/lib/apiv2.js:241:23)
    at processTicksAndRejections (node:internal/process/task_queues:96:5)
    at async Client.request (/usr/local/lib/node_modules/firebase-tools/lib/apiv2.js:96:20)
    at async Object.getFirebaseProject (/usr/local/lib/node_modules/firebase-tools/lib/management/projects.js:290:21)
    at async Object.getDefaultHostingSite (/usr/local/lib/node_modules/firebase-tools/lib/getDefaultHostingSite.js:8:21)
    at async requireHostingSite (/usr/local/lib/node_modules/firebase-tools/lib/requireHostingSite.js:9:18)
    at async Object.fn (/usr/local/lib/node_modules/firebase-tools/lib/commands/deploy.js:73:9)
    at async /usr/local/lib/node_modules/firebase-tools/lib/command.js:188:17
[error] 
[error] Error: Failed to get Firebase project eth-bcn-2023. Please make sure the project exists and your account has permission to access it.
